<?xml version="1.0" encoding="UTF-8"?>
<!-- Generated by org.testng.reporters.JUnitReportReporter -->
<testsuite hostname="MAVBNG0522084" failures="0" tests="1" name="testCases.Test1" time="16.593" errors="0" timestamp="2025-02-04T17:19:27 IST" skipped="0">
  <testcase classname="testCases.Test1" name="testMethod" time="16.593"/>
</testsuite> <!-- testCases.Test1 -->
