<?xml version="1.0" encoding="UTF-8"?>
<!-- Generated by org.testng.reporters.JUnitReportReporter -->
<testsuite hostname="MAVBNG0522084" failures="0" tests="1" name="testCases.TC002_LoginTest" time="2.074" errors="0" timestamp="2025-02-14T11:54:44 IST" skipped="0">
  <testcase classname="testCases.TC002_LoginTest" name="verify_login" time="2.074"/>
</testsuite> <!-- testCases.TC002_LoginTest -->
